<?xml version="1.0" encoding="UTF-8"?>
<testng-results total="2" passed="2" failed="0" skipped="0">
  <reporter-output>
  </reporter-output>
  <suite started-at="2021-07-24T08:59:04Z" name="Suite" finished-at="2021-07-24T08:59:12Z" duration-ms="8247">
    <groups>
    </groups>
    <test started-at="2021-07-24T08:59:04Z" name="Test" finished-at="2021-07-24T08:59:12Z" duration-ms="8247">
      <class name="com.testcases.Login">
        <test-method is-config="true" signature="launchBrowser()[pri:0, instance:com.testcases.Login@4a8355dd]" started-at="2021-07-24T14:28:31Z" name="launchBrowser" finished-at="2021-07-24T14:29:04Z" duration-ms="33343" status="PASS">
          <reporter-output>
          </reporter-output>
        </test-method> <!-- launchBrowser -->
        <test-method is-config="true" signature="navigateURL()[pri:0, instance:com.testcases.Login@4a8355dd]" started-at="2021-07-24T14:29:04Z" name="navigateURL" finished-at="2021-07-24T14:29:08Z" duration-ms="4007" status="PASS">
          <reporter-output>
          </reporter-output>
        </test-method> <!-- navigateURL -->
        <test-method signature="fillContactData()[pri:0, instance:com.testcases.Login@4a8355dd]" started-at="2021-07-24T14:29:08Z" name="fillContactData" finished-at="2021-07-24T14:29:09Z" duration-ms="528" status="PASS">
          <reporter-output>
          </reporter-output>
        </test-method> <!-- fillContactData -->
        <test-method is-config="true" signature="closeBrowser()[pri:0, instance:com.testcases.Login@4a8355dd]" started-at="2021-07-24T14:29:14Z" name="closeBrowser" finished-at="2021-07-24T14:29:14Z" duration-ms="453" status="PASS">
          <reporter-output>
          </reporter-output>
        </test-method> <!-- closeBrowser -->
      </class> <!-- com.testcases.Login -->
      <class name="com.testcases.FreeDayTrial">
        <test-method signature="testMethod1()[pri:0, instance:com.testcases.FreeDayTrial@4d0d9fe7]" started-at="2021-07-24T14:29:09Z" name="testMethod1" finished-at="2021-07-24T14:29:12Z" duration-ms="3662" status="PASS">
          <reporter-output>
          </reporter-output>
        </test-method> <!-- testMethod1 -->
      </class> <!-- com.testcases.FreeDayTrial -->
    </test> <!-- Test -->
  </suite> <!-- Suite -->
</testng-results>
