<?xml version="1.0" encoding="UTF-8"?>
<testng-results total="2" passed="2" failed="0" skipped="0">
  <reporter-output>
  </reporter-output>
  <suite started-at="2021-07-24T05:54:24Z" name="Suite" finished-at="2021-07-24T05:54:31Z" duration-ms="6188">
    <groups>
    </groups>
    <test started-at="2021-07-24T05:54:24Z" name="Test" finished-at="2021-07-24T05:54:31Z" duration-ms="6188">
      <class name="com.testcases.Login">
        <test-method is-config="true" signature="launchBrowser()[pri:0, instance:com.testcases.Login@645aa696]" started-at="2021-07-24T11:24:06Z" name="launchBrowser" finished-at="2021-07-24T11:24:24Z" duration-ms="18658" status="PASS">
          <reporter-output>
          </reporter-output>
        </test-method> <!-- launchBrowser -->
        <test-method is-config="true" signature="navigateURL()[pri:0, instance:com.testcases.Login@645aa696]" started-at="2021-07-24T11:24:24Z" name="navigateURL" finished-at="2021-07-24T11:24:27Z" duration-ms="2748" status="PASS">
          <reporter-output>
          </reporter-output>
        </test-method> <!-- navigateURL -->
        <test-method signature="fillContactData()[pri:0, instance:com.testcases.Login@645aa696]" started-at="2021-07-24T11:24:27Z" name="fillContactData" finished-at="2021-07-24T11:24:28Z" duration-ms="454" status="PASS">
          <reporter-output>
          </reporter-output>
        </test-method> <!-- fillContactData -->
        <test-method is-config="true" signature="closeBrowser()[pri:0, instance:com.testcases.Login@645aa696]" started-at="2021-07-24T11:24:32Z" name="closeBrowser" finished-at="2021-07-24T11:24:32Z" duration-ms="297" status="PASS">
          <reporter-output>
          </reporter-output>
        </test-method> <!-- closeBrowser -->
      </class> <!-- com.testcases.Login -->
      <class name="com.testcases.FreeDayTrial">
        <test-method signature="testMethod1()[pri:0, instance:com.testcases.FreeDayTrial@6caf0677]" started-at="2021-07-24T11:24:28Z" name="testMethod1" finished-at="2021-07-24T11:24:31Z" duration-ms="2928" status="PASS">
          <reporter-output>
          </reporter-output>
        </test-method> <!-- testMethod1 -->
      </class> <!-- com.testcases.FreeDayTrial -->
    </test> <!-- Test -->
  </suite> <!-- Suite -->
</testng-results>
