<?xml version="1.0" encoding="UTF-8"?>
<!-- Generated by org.testng.reporters.JUnitXMLReporter -->
<testsuite hostname="M5290478" failures="0" tests="3" name="Default test" time="15.061" errors="0" timestamp="26 Jun 2021 09:40:56 GMT">
  <testcase classname="com.testcases.Login" name="navigateURL" time="8.254"/>
  <testcase classname="com.testcases.Login" name="fillingData" time="0.149"/>
  <testcase classname="com.testcases.Login" name="fillContactData" time="1.309"/>
</testsuite> <!-- Default test -->
